[INFO] Scanning for projects...
[INFO] 
[INFO] ------------------------< com.rowa:musicbridge >------------------------
[INFO] Building musicbridge 0.0.1-SNAPSHOT
[INFO]   from pom.xml
[INFO] --------------------------------[ jar ]---------------------------------
[INFO] 
[INFO] >>> spring-boot:3.5.10:run (default-cli) > test-compile @ musicbridge >>>
[INFO] 
[INFO] --- resources:3.3.1:resources (default-resources) @ musicbridge ---
[INFO] Copying 2 resources from src\main\resources to target\classes
[INFO] Copying 3 resources from src\main\resources to target\classes
[INFO] 
[INFO] --- compiler:3.14.1:compile (default-compile) @ musicbridge ---
[INFO] Nothing to compile - all classes are up to date.
[INFO] 
[INFO] --- resources:3.3.1:testResources (default-testResources) @ musicbridge ---
[INFO] skip non existing resourceDirectory C:\rowa\Projekt\MusicBridge\src\test\resources
[INFO] 
[INFO] --- compiler:3.14.1:testCompile (default-testCompile) @ musicbridge ---
[INFO] Nothing to compile - all classes are up to date.
[INFO] 
[INFO] <<< spring-boot:3.5.10:run (default-cli) < test-compile @ musicbridge <<<
[INFO] 
[INFO] 
[INFO] --- spring-boot:3.5.10:run (default-cli) @ musicbridge ---
[INFO] Attaching agents: []

  .   ____          _            __ _ _
 /\\ / ___'_ __ _ _(_)_ __  __ _ \ \ \ \
( ( )\___ | '_ | '_| | '_ \/ _` | \ \ \ \
 \\/  ___)| |_)| | | | | || (_| |  ) ) ) )
  '  |____| .__|_| |_|_| |_\__, | / / / /
 =========|_|==============|___/=/_/_/_/

 :: Spring Boot ::               (v3.5.10)

2026-02-22T00:18:55.187Z  INFO 21496 --- [MusicBridge] [           main] c.r.musicbridge.MusicBridgeApplication   : Starting MusicBridgeApplication using Java 17.0.14 with PID 21496 (C:\rowa\Projekt\MusicBridge\target\classes started by rowa in C:\rowa\Projekt\MusicBridge)
2026-02-22T00:18:55.194Z  INFO 21496 --- [MusicBridge] [           main] c.r.musicbridge.MusicBridgeApplication   : The following 1 profile is active: "prod"
2026-02-22T00:18:55.922Z  INFO 21496 --- [MusicBridge] [           main] .s.d.r.c.RepositoryConfigurationDelegate : Bootstrapping Spring Data JPA repositories in DEFAULT mode.
2026-02-22T00:18:56.091Z  INFO 21496 --- [MusicBridge] [           main] .s.d.r.c.RepositoryConfigurationDelegate : Finished Spring Data repository scanning in 160 ms. Found 2 JPA repository interfaces.
2026-02-22T00:18:56.796Z  INFO 21496 --- [MusicBridge] [           main] o.s.b.w.embedded.tomcat.TomcatWebServer  : Tomcat initialized with port 8080 (http)
2026-02-22T00:18:56.819Z  INFO 21496 --- [MusicBridge] [           main] o.apache.catalina.core.StandardService   : Starting service [Tomcat]
2026-02-22T00:18:56.819Z  INFO 21496 --- [MusicBridge] [           main] o.apache.catalina.core.StandardEngine    : Starting Servlet engine: [Apache Tomcat/10.1.50]
2026-02-22T00:18:56.878Z  INFO 21496 --- [MusicBridge] [           main] o.a.c.c.C.[Tomcat].[localhost].[/]       : Initializing Spring embedded WebApplicationContext
2026-02-22T00:18:56.879Z  INFO 21496 --- [MusicBridge] [           main] w.s.c.ServletWebServerApplicationContext : Root WebApplicationContext: initialization completed in 1642 ms
2026-02-22T00:18:57.138Z  INFO 21496 --- [MusicBridge] [           main] com.zaxxer.hikari.HikariDataSource       : HikariPool-1 - Starting...
2026-02-22T00:18:57.315Z  INFO 21496 --- [MusicBridge] [           main] com.zaxxer.hikari.pool.HikariPool        : HikariPool-1 - Added connection org.postgresql.jdbc.PgConnection@7f12094d
2026-02-22T00:18:57.317Z  INFO 21496 --- [MusicBridge] [           main] com.zaxxer.hikari.HikariDataSource       : HikariPool-1 - Start completed.
2026-02-22T00:18:57.347Z  INFO 21496 --- [MusicBridge] [           main] org.flywaydb.core.FlywayExecutor         : Database: jdbc:postgresql://localhost:5432/rowa_db (PostgreSQL 16.12)
2026-02-22T00:18:57.408Z  INFO 21496 --- [MusicBridge] [           main] o.f.core.internal.command.DbValidate     : Successfully validated 3 migrations (execution time 00:00.032s)
2026-02-22T00:18:57.457Z  INFO 21496 --- [MusicBridge] [           main] o.f.core.internal.command.DbMigrate      : Current version of schema "public": 3
2026-02-22T00:18:57.460Z  INFO 21496 --- [MusicBridge] [           main] o.f.core.internal.command.DbMigrate      : Schema "public" is up to date. No migration necessary.
2026-02-22T00:18:57.535Z  INFO 21496 --- [MusicBridge] [           main] o.hibernate.jpa.internal.util.LogHelper  : HHH000204: Processing PersistenceUnitInfo [name: default]
2026-02-22T00:18:57.582Z  INFO 21496 --- [MusicBridge] [           main] org.hibernate.Version                    : HHH000412: Hibernate ORM core version 6.6.41.Final
2026-02-22T00:18:57.629Z  INFO 21496 --- [MusicBridge] [           main] o.h.c.internal.RegionFactoryInitiator    : HHH000026: Second-level cache disabled
2026-02-22T00:18:57.895Z  INFO 21496 --- [MusicBridge] [           main] o.s.o.j.p.SpringPersistenceUnitInfo      : No LoadTimeWeaver setup: ignoring JPA class transformer
2026-02-22T00:18:57.955Z  WARN 21496 --- [MusicBridge] [           main] org.hibernate.orm.deprecation            : HHH90000025: PostgreSQLDialect does not need to be specified explicitly using 'hibernate.dialect' (remove the property setting and it will be selected by default)
2026-02-22T00:18:57.975Z  INFO 21496 --- [MusicBridge] [           main] org.hibernate.orm.connections.pooling    : HHH10001005: Database info:
	Database JDBC URL [Connecting through datasource 'HikariDataSource (HikariPool-1)']
	Database driver: undefined/unknown
	Database version: 16.12
	Autocommit mode: undefined/unknown
	Isolation level: undefined/unknown
	Minimum pool size: undefined/unknown
	Maximum pool size: undefined/unknown
2026-02-22T00:18:59.002Z  INFO 21496 --- [MusicBridge] [           main] o.h.e.t.j.p.i.JtaPlatformInitiator       : HHH000489: No JTA platform available (set 'hibernate.transaction.jta.platform' to enable JTA platform integration)
2026-02-22T00:18:59.059Z  INFO 21496 --- [MusicBridge] [           main] j.LocalContainerEntityManagerFactoryBean : Initialized JPA EntityManagerFactory for persistence unit 'default'
2026-02-22T00:18:59.365Z  INFO 21496 --- [MusicBridge] [           main] o.s.d.j.r.query.QueryEnhancerFactory     : Hibernate is in classpath; If applicable, HQL parser will be used.
2026-02-22T00:19:00.695Z  INFO 21496 --- [MusicBridge] [           main] o.s.b.w.embedded.tomcat.TomcatWebServer  : Tomcat started on port 8080 (http) with context path '/'
2026-02-22T00:19:00.705Z  INFO 21496 --- [MusicBridge] [           main] c.r.musicbridge.MusicBridgeApplication   : Started MusicBridgeApplication in 6.016 seconds (process running for 6.365)
2026-02-22T00:19:49.305Z  INFO 21496 --- [MusicBridge] [nio-8080-exec-1] o.a.c.c.C.[Tomcat].[localhost].[/]       : Initializing Spring DispatcherServlet 'dispatcherServlet'
2026-02-22T00:19:49.305Z  INFO 21496 --- [MusicBridge] [nio-8080-exec-1] o.s.web.servlet.DispatcherServlet        : Initializing Servlet 'dispatcherServlet'
2026-02-22T00:19:49.309Z  INFO 21496 --- [MusicBridge] [nio-8080-exec-1] o.s.web.servlet.DispatcherServlet        : Completed initialization in 4 ms
2026-02-22T00:19:49.619Z DEBUG 21496 --- [MusicBridge] [nio-8080-exec-1] org.hibernate.SQL                        : 
    SELECT
        * 
    FROM
        artists 
    WHERE
        to_tsvector('english', name) @@ plainto_tsquery('english', ?) 
    fetch
        first ? rows only
2026-02-22T00:19:49.847Z DEBUG 21496 --- [MusicBridge] [nio-8080-exec-1] org.hibernate.SQL                        : 
    select
        ae1_0.id,
        ae1_0.created_at,
        ae1_0.manually_modified,
        ae1_0.name,
        ae1_0.tidal_id,
        ae1_0.updated_at 
    from
        artists ae1_0 
    where
        lower(ae1_0.name) like lower(('%'||?||'%')) escape '' 
    fetch
        first ? rows only
2026-02-22T00:19:49.896Z DEBUG 21496 --- [MusicBridge] [nio-8080-exec-1] org.hibernate.SQL                        : 
    SELECT
        * 
    FROM
        albums 
    WHERE
        to_tsvector('english', title) @@ plainto_tsquery('english', ?) 
    fetch
        first ? rows only
2026-02-22T00:19:49.920Z DEBUG 21496 --- [MusicBridge] [nio-8080-exec-1] org.hibernate.SQL                        : 
    select
        ae1_0.id,
        ae1_0.artist_id,
        ae1_0.artist_name,
        ae1_0.created_at,
        ae1_0.manually_modified,
        ae1_0.release_date,
        ae1_0.tidal_id,
        ae1_0.title,
        ae1_0.updated_at 
    from
        albums ae1_0 
    where
        lower(ae1_0.title) like lower(('%'||?||'%')) escape '' 
    fetch
        first ? rows only
2026-02-22T00:19:49.946Z DEBUG 21496 --- [MusicBridge] [nio-8080-exec-1] org.hibernate.SQL                        : 
    select
        count(ae1_0.id) 
    from
        albums ae1_0 
    where
        lower(ae1_0.title) like lower(('%'||?||'%')) escape ''
2026-02-22T00:19:50.032Z  WARN 21496 --- [MusicBridge] [nio-8080-exec-1] ration$PageModule$WarningLoggingModifier : Serializing PageImpl instances as-is is not supported, meaning that there is no guarantee about the stability of the resulting JSON structure!
	For a stable JSON structure, please use Spring Data's PagedModel (globally via @EnableSpringDataWebSupport(pageSerializationMode = VIA_DTO))
	or Spring HATEOAS and Spring Data's PagedResourcesAssembler as documented in https://docs.spring.io/spring-data/commons/reference/repositories/core-extensions.html#core.web.pageables.

